2022-06-26 16:07:19.868 [main] INFO  serverLogic.executing.ServerLogger - Successfully made a connection with the database
2022-06-26 16:07:19.947 [main] INFO  serverLogic.executing.ServerLogger - Made a data manager with initialised collections:
[StudyGroup:name='Parovozik', coordinates=Coordinates{x=4132, y=132.0}, creationDate=2022-06-25, studentsCount=25, formOfEducation=EVENING_CLASSES, semesterEnum=FIFTH, groupAdmin=Person{name='Chagy', height=1432, nationality=SPAIN, location=Location{x=1243.0, y=14, name='1243'}}, id=1, authorName='Zenya'}]

[User{id=3, password='ca244d081350810113cfafa278ffd581', name='Grecha'}, User{id=2, password='ca244d081350810113cfafa278ffd581', name='Vlad'}, User{id=1, password='ca244d081350810113cfafa278ffd581', name='Zenya'}]
2022-06-26 16:07:46.572 [pool-2-thread-2] INFO  serverLogic.executing.ServerLogger - Received a new client request 1/2
2022-06-26 16:07:46.573 [pool-2-thread-2] INFO  serverLogic.executing.ServerLogger - Received a new client request 2/2
2022-06-26 16:07:46.581 [pool-2-thread-2] INFO  serverLogic.executing.ServerLogger - Received a full request from a client, added it to an executing queue:
Pair{first=util.Request@83b00e2d, second=/127.0.0.1:9999}
2022-06-26 16:07:46.596 [pool-2-thread-4] INFO  serverLogic.executing.ServerLogger - Starting to execute a new command
2022-06-26 16:07:46.672 [pool-2-thread-4] INFO  serverLogic.executing.ServerLogger - Successfully registered a new user: User{id=4, password='ca244d081350810113cfafa278ffd581', name='MaybeBaby'}
2022-06-26 16:07:46.672 [pool-2-thread-4] INFO  serverLogic.executing.ServerLogger - Successfully executed the command command
2022-06-26 16:07:46.674 [pool-1-thread-1] INFO  serverLogic.executing.ServerLogger - Started to send message to the client
2022-06-26 16:07:46.679 [pool-1-thread-1] INFO  serverLogic.executing.ServerLogger - sent the command result to the client
2022-06-26 16:07:50.152 [pool-2-thread-2] INFO  serverLogic.executing.ServerLogger - Received a new client request 1/2
2022-06-26 16:07:50.152 [pool-2-thread-2] INFO  serverLogic.executing.ServerLogger - Received a new client request 2/2
2022-06-26 16:07:50.154 [pool-2-thread-2] INFO  serverLogic.executing.ServerLogger - Received a full request from a client, added it to an executing queue:
Pair{first=util.Request@afaac17, second=/127.0.0.1:9999}
2022-06-26 16:07:50.154 [pool-2-thread-4] INFO  serverLogic.executing.ServerLogger - Starting to execute a new command
2022-06-26 16:07:50.158 [pool-2-thread-4] INFO  serverLogic.executing.ServerLogger - Successfully executed the command command
2022-06-26 16:07:50.158 [pool-1-thread-2] INFO  serverLogic.executing.ServerLogger - Started to send message to the client
2022-06-26 16:07:50.159 [pool-1-thread-2] INFO  serverLogic.executing.ServerLogger - sent the command result to the client
